<?xml version="1.0" encoding="UTF-8"?>
<beans xmlns="http://www.springframework.org/schema/beans"
	xmlns:xsi="http://www.w3.org/2001/XMLSchema-instance" xmlns:jee="http://www.springframework.org/schema/jee"
	xsi:schemaLocation="
			http://www.springframework.org/schema/beans 
 			http://www.springframework.org/schema/beans/spring-beans-3.2.xsd
			http://www.springframework.org/schema/jee 
			http://www.springframework.org/schema/jee/spring-jee-3.2.xsd">

	<bean id="dataSource" class="org.springframework.jdbc.datasource.DriverManagerDataSource">
		<property name="url" value="jdbc:hsqldb:mem:test" />
		<property name="driverClassName" value="org.hsqldb.jdbcDriver"/>
	</bean>

</beans>